<?xml version="1.0" encoding="UTF-8"?>
<!-- Generated by org.testng.reporters.JUnitReportReporter -->
<testsuite hostname="LP-5CG1348QJH" failures="0" tests="1" name="com.amazonapplication.testCases.Amazon_Datadriven" time="70.584" errors="0" timestamp="2025-03-02T17:58:14 IST" skipped="0">
  <testcase classname="com.amazonapplication.testCases.Amazon_Datadriven" name="f" time="70.584"/>
  <system-out/>
</testsuite> <!-- com.amazonapplication.testCases.Amazon_Datadriven -->
