<?xml version="1.0" encoding="UTF-8"?>
<!-- Generated by org.testng.reporters.JUnitReportReporter -->
<testsuite hostname="LP-5CG1348QJH" failures="0" tests="1" name="com.amazonapplication.pageObjects.HomePage" time="0.006" errors="0" timestamp="2025-02-20T21:35:25 IST" skipped="0">
  <testcase classname="com.amazonapplication.pageObjects.HomePage" name="f" time="0.006"/>
</testsuite> <!-- com.amazonapplication.pageObjects.HomePage -->
