<?xml version="1.0" encoding="UTF-8"?>
<!-- Generated by org.testng.reporters.JUnitReportReporter -->
<testsuite hostname="LP-5CG1348QJH" failures="0" tests="2" name="com.amazonapplication.testCases.HomePageTest" time="41.092" errors="0" timestamp="2025-03-11T17:04:12 IST" skipped="0">
  <testcase classname="com.amazonapplication.testCases.HomePageTest" name="displayMenuAndCaptureScreenshot" time="31.713"/>
  <system-out/>
  <testcase classname="com.amazonapplication.testCases.HomePageTest" name="selectShopByDell" time="9.379"/>
  <system-out/>
</testsuite> <!-- com.amazonapplication.testCases.HomePageTest -->
