<?xml version="1.0" encoding="UTF-8"?>
<!-- Generated by org.testng.reporters.JUnitReportReporter -->
<testsuite hostname="LP-5CG1348QJH" failures="0" tests="1" name="com.amazonapplication.testCases.LaptopPageTest" time="25.706" errors="0" timestamp="2025-03-11T17:04:12 IST" skipped="0">
  <testcase classname="com.amazonapplication.testCases.LaptopPageTest" name="displayLaptops" time="25.706"/>
  <system-out/>
</testsuite> <!-- com.amazonapplication.testCases.LaptopPageTest -->
