<?xml version="1.0" encoding="UTF-8"?>
<!-- Generated by org.testng.reporters.JUnitReportReporter -->
<testsuite hostname="LP-5CG1348QJH" failures="0" tests="2" name="com.amazonapplication.testCases.HomePageTest" time="75.968" errors="0" timestamp="2025-02-24T13:15:55 IST" skipped="0">
  <testcase classname="com.amazonapplication.testCases.HomePageTest" name="displayMenuAndCaptureScreenshot" time="69.654"/>
  <testcase classname="com.amazonapplication.testCases.HomePageTest" name="selectShopByDell" time="6.314"/>
</testsuite> <!-- com.amazonapplication.testCases.HomePageTest -->
