<?xml version="1.0" encoding="UTF-8"?>
<!-- Generated by org.testng.reporters.JUnitReportReporter -->
<testsuite hostname="LP-5CG1348QJH" failures="0" tests="1" name="day8_handson.Log4jClass" time="21.495" errors="0" timestamp="2025-02-27T22:02:42 IST" skipped="0">
  <testcase classname="day8_handson.Log4jClass" name="f" time="21.495"/>
  <system-out/>
</testsuite> <!-- day8_handson.Log4jClass -->
