<?xml version="1.0" encoding="UTF-8"?>
<!-- Generated by org.testng.reporters.JUnitReportReporter -->
<testsuite hostname="LP-5CG1348QJH" failures="0" tests="1" name="day12_handson.JSONPathClass_ValidateAttributes" time="5.096" errors="0" timestamp="2025-03-10T12:43:21 IST" skipped="0">
  <testcase classname="day12_handson.JSONPathClass_ValidateAttributes" name="f" time="5.096"/>
  <system-out/>
</testsuite> <!-- day12_handson.JSONPathClass_ValidateAttributes -->
