<?xml version="1.0" encoding="UTF-8"?>
<!-- Generated by org.testng.reporters.JUnitReportReporter -->
<testsuite hostname="LP-5CG1348QJH" failures="0" tests="1" name="day11_handson.RestAssured_Get" time="4.413" errors="0" timestamp="2025-03-10T12:04:08 IST" skipped="0">
  <testcase classname="day11_handson.RestAssured_Get" name="f" time="4.413"/>
  <system-out/>
</testsuite> <!-- day11_handson.RestAssured_Get -->
