<?xml version="1.0" encoding="UTF-8"?>
<!-- Generated by org.testng.reporters.JUnitReportReporter -->
<testsuite hostname="LP-5CG1348QJH" failures="0" tests="1" name="day12_handson.MatchesJsonSchemaInClasspath" time="3.625" errors="0" timestamp="2025-03-10T12:45:39 IST" skipped="0">
  <testcase classname="day12_handson.MatchesJsonSchemaInClasspath" name="f" time="3.625"/>
  <system-out/>
</testsuite> <!-- day12_handson.MatchesJsonSchemaInClasspath -->
