<?xml version="1.0" encoding="UTF-8"?>
<!-- Generated by org.testng.reporters.JUnitReportReporter -->
<testsuite hostname="LP-5CG1348QJH" failures="0" tests="1" name="day5_handson.MouseHovering1" time="65.488" errors="0" timestamp="2025-02-12T19:16:12 IST" skipped="0">
  <testcase classname="day5_handson.MouseHovering1" name="f" time="65.488"/>
  <system-out/>
</testsuite> <!-- day5_handson.MouseHovering1 -->
