<?xml version="1.0" encoding="UTF-8"?>
<!-- Generated by org.testng.reporters.JUnitReportReporter -->
<testsuite hostname="LP-5CG1348QJH" failures="0" tests="1" name="day11_handson.BDDStyle_PostJSONRequest_File" time="3.360" errors="0" timestamp="2025-03-10T12:14:12 IST" skipped="0">
  <testcase classname="day11_handson.BDDStyle_PostJSONRequest_File" name="f" time="3.360"/>
  <system-out/>
</testsuite> <!-- day11_handson.BDDStyle_PostJSONRequest_File -->
