<?xml version="1.0" encoding="UTF-8"?>
<!-- Generated by org.testng.reporters.JUnitReportReporter -->
<testsuite hostname="LP-5CG1348QJH" failures="0" tests="1" name="day4_handson.TextboxesLocatorTypes" time="17.306" errors="0" timestamp="2025-02-07T17:46:23 IST" skipped="0">
  <testcase classname="day4_handson.TextboxesLocatorTypes" name="f" time="17.306"/>
  <system-out/>
</testsuite> <!-- day4_handson.TextboxesLocatorTypes -->
