<?xml version="1.0" encoding="UTF-8"?>
<!-- Generated by org.testng.reporters.JUnitReportReporter -->
<testsuite hostname="LP-5CG1348QJH" failures="0" tests="3" name="Day2_Day3_Handson.TestAClass" time="0.023" errors="0" timestamp="2025-02-07T16:02:19 IST" skipped="0">
  <testcase classname="Day2_Day3_Handson.TestAClass" name="test1" time="0.019"/>
  <system-out/>
  <testcase classname="Day2_Day3_Handson.TestAClass" name="test2" time="0.003"/>
  <system-out/>
  <testcase classname="Day2_Day3_Handson.TestAClass" name="test3" time="0.001"/>
  <system-out/>
</testsuite> <!-- Day2_Day3_Handson.TestAClass -->
