<?xml version="1.0" encoding="UTF-8"?>
<!-- Generated by org.testng.reporters.JUnitReportReporter -->
<testsuite hostname="LP-5CG1348QJH" failures="0" tests="2" name="Day2_Day3_Handson.TestBClass" time="0.018" errors="0" timestamp="2025-02-07T15:58:55 IST" skipped="0">
  <testcase classname="Day2_Day3_Handson.TestBClass" name="test4" time="0.015"/>
  <system-out/>
  <testcase classname="Day2_Day3_Handson.TestBClass" name="test5" time="0.003"/>
  <system-out/>
</testsuite> <!-- Day2_Day3_Handson.TestBClass -->
