<?xml version="1.0" encoding="UTF-8"?>
<!-- Generated by org.testng.reporters.JUnitReportReporter -->
<testsuite hostname="LP-5CG1348QJH" failures="0" tests="1" name="day8_handson.KSRTC_Datadriven" time="86.090" errors="0" timestamp="2025-02-28T15:59:09 IST" skipped="0">
  <testcase classname="day8_handson.KSRTC_Datadriven" name="f" time="86.090"/>
  <system-out/>
</testsuite> <!-- day8_handson.KSRTC_Datadriven -->
