<?xml version="1.0" encoding="UTF-8"?>
<!-- Generated by org.testng.reporters.JUnitReportReporter -->
<testsuite hostname="LP-5CG1348QJH" failures="0" tests="3" name="Day2_Day3_Handson.ParallelTest_Methodlevel" time="0.019" errors="0" timestamp="2025-02-07T16:00:37 IST" skipped="0">
  <testcase classname="Day2_Day3_Handson.ParallelTest_Methodlevel" name="testA" time="0.015"/>
  <system-out/>
  <testcase classname="Day2_Day3_Handson.ParallelTest_Methodlevel" name="testB" time="0.002"/>
  <system-out/>
  <testcase classname="Day2_Day3_Handson.ParallelTest_Methodlevel" name="testC" time="0.002"/>
  <system-out/>
</testsuite> <!-- Day2_Day3_Handson.ParallelTest_Methodlevel -->
