<?xml version="1.0" encoding="UTF-8"?>
<!-- Generated by org.testng.reporters.JUnitReportReporter -->
<testsuite hostname="LP-5CG1348QJH" failures="0" tests="1" name="day8_handson.KSRTC_Datadriven_Register" time="82.723" errors="0" timestamp="2025-03-07T21:22:46 IST" skipped="0">
  <testcase classname="day8_handson.KSRTC_Datadriven_Register" name="f" time="82.723"/>
  <system-out/>
</testsuite> <!-- day8_handson.KSRTC_Datadriven_Register -->
