<?xml version="1.0" encoding="UTF-8"?>
<!-- Generated by org.testng.reporters.JUnitReportReporter -->
<testsuite hostname="LP-5CG1348QJH" failures="0" tests="1" name="day6_handson.UploadDownload" time="69.985" errors="0" timestamp="2025-02-17T14:08:34 IST" skipped="0">
  <testcase classname="day6_handson.UploadDownload" name="f" time="69.985"/>
  <system-out/>
</testsuite> <!-- day6_handson.UploadDownload -->
