<?xml version="1.0" encoding="UTF-8"?>
<!-- Generated by org.testng.reporters.JUnitReportReporter -->
<testsuite hostname="LP-5CG1348QJH" failures="0" tests="1" name="day7_handson.Screenshot_ThirdImage" time="13.865" errors="0" timestamp="2025-02-19T16:50:14 IST" skipped="0">
  <testcase classname="day7_handson.Screenshot_ThirdImage" name="f" time="13.865"/>
  <system-out/>
</testsuite> <!-- day7_handson.Screenshot_ThirdImage -->
