<?xml version="1.0" encoding="UTF-8"?>
<!-- Generated by org.testng.reporters.JUnitReportReporter -->
<testsuite hostname="LP-5CG1348QJH" failures="0" tests="1" name="day5_handson.MultipleWindows" time="20.354" errors="0" timestamp="2025-02-12T19:18:36 IST" skipped="0">
  <testcase classname="day5_handson.MultipleWindows" name="f" time="20.354"/>
  <system-out/>
</testsuite> <!-- day5_handson.MultipleWindows -->
