<?xml version="1.0" encoding="UTF-8"?>
<!-- Generated by org.testng.reporters.JUnitReportReporter -->
<testsuite hostname="LP-5CG1348QJH" failures="0" tests="1" name="Day2_Day3_Handson.TestNGAssertions" time="0.017" errors="0" timestamp="2025-02-07T15:48:37 IST" skipped="0">
  <testcase classname="Day2_Day3_Handson.TestNGAssertions" name="f" time="0.017"/>
  <system-out/>
</testsuite> <!-- Day2_Day3_Handson.TestNGAssertions -->
