<?xml version="1.0" encoding="UTF-8"?>
<!-- Generated by org.testng.reporters.JUnitReportReporter -->
<testsuite hostname="LP-5CG1348QJH" failures="0" tests="3" name="Day2_Day3_Handson.IgnoreTestMethod" time="0.013" errors="0" timestamp="2025-02-07T15:37:38 IST" skipped="1">
  <testcase classname="Day2_Day3_Handson.IgnoreTestMethod" name="testE" time="0.001"/>
  <system-out/>
  <testcase classname="Day2_Day3_Handson.IgnoreTestMethod" name="testC" time="0.012"/>
  <system-out/>
  <testcase classname="Day2_Day3_Handson.IgnoreTestMethod" name="testD">
    <skipped/>
  </testcase> <!-- testD -->
  <system-out/>
</testsuite> <!-- Day2_Day3_Handson.IgnoreTestMethod -->
