<?xml version="1.0" encoding="UTF-8"?>
<!-- Generated by org.testng.reporters.JUnitReportReporter -->
<testsuite hostname="LP-5CG1348QJH" failures="0" tests="1" name="day7_handson.JavascriptExecutorTest" time="32.700" errors="0" timestamp="2025-02-19T17:53:23 IST" skipped="0">
  <testcase classname="day7_handson.JavascriptExecutorTest" name="f" time="32.700"/>
  <system-out/>
</testsuite> <!-- day7_handson.JavascriptExecutorTest -->
