<?xml version="1.0" encoding="UTF-8"?>
<!-- Generated by org.testng.reporters.JUnitReportReporter -->
<testsuite hostname="LP-5CG1348QJH" failures="0" tests="1" name="day6_handson.Alerts" time="33.756" errors="0" timestamp="2025-02-17T15:42:51 IST" skipped="0">
  <testcase classname="day6_handson.Alerts" name="f" time="33.756"/>
  <system-out/>
</testsuite> <!-- day6_handson.Alerts -->
