<?xml version="1.0" encoding="UTF-8"?>
<!-- Generated by org.testng.reporters.JUnitReportReporter -->
<testsuite hostname="LP-5CG1348QJH" failures="0" tests="1" name="day8_handson.Authentication" time="32.531" errors="0" timestamp="2025-02-27T18:45:13 IST" skipped="0">
  <testcase classname="day8_handson.Authentication" name="f" time="32.531"/>
  <system-out/>
</testsuite> <!-- day8_handson.Authentication -->
