<?xml version="1.0" encoding="UTF-8"?>
<!-- Generated by org.testng.reporters.JUnitReportReporter -->
<testsuite hostname="LP-5CG1348QJH" failures="0" tests="3" name="Day2_Day3_Handson.TestNGdependsOnMethods" time="0.014" errors="0" timestamp="2025-02-07T15:51:12 IST" skipped="0">
  <testcase classname="Day2_Day3_Handson.TestNGdependsOnMethods" name="testLogin" time="0.011"/>
  <system-out/>
  <testcase classname="Day2_Day3_Handson.TestNGdependsOnMethods" name="testAddToCart" time="0.001"/>
  <system-out/>
  <testcase classname="Day2_Day3_Handson.TestNGdependsOnMethods" name="testCheckout" time="0.002"/>
  <system-out/>
</testsuite> <!-- Day2_Day3_Handson.TestNGdependsOnMethods -->
