<?xml version="1.0" encoding="UTF-8"?>
<!-- Generated by org.testng.reporters.JUnitReportReporter -->
<testsuite hostname="LP-5CG1348QJH" failures="0" tests="1" name="day11_handson.BDDStyle_PostPut" time="6.529" errors="0" timestamp="2025-03-10T12:02:19 IST" skipped="0">
  <testcase classname="day11_handson.BDDStyle_PostPut" name="f" time="6.529"/>
  <system-out/>
</testsuite> <!-- day11_handson.BDDStyle_PostPut -->
