<?xml version="1.0" encoding="UTF-8"?>
<!-- Generated by org.testng.reporters.JUnitReportReporter -->
<testsuite hostname="LP-5CG1348QJH" failures="0" tests="1" name="day12_handson.RestAPI_Get" time="3.509" errors="0" timestamp="2025-03-10T12:48:00 IST" skipped="0">
  <testcase classname="day12_handson.RestAPI_Get" name="f" time="3.509"/>
  <system-out/>
</testsuite> <!-- day12_handson.RestAPI_Get -->
