<?xml version="1.0" encoding="UTF-8"?>
<!-- Generated by org.testng.reporters.JUnitReportReporter -->
<testsuite hostname="LP-5CG1348QJH" failures="0" tests="3" name="Day2_Day3_Handson.TestNGPriority" time="0.016" errors="0" timestamp="2025-02-07T15:51:51 IST" skipped="0">
  <testcase classname="Day2_Day3_Handson.TestNGPriority" name="testC" time="0.013"/>
  <system-out/>
  <testcase classname="Day2_Day3_Handson.TestNGPriority" name="testA" time="0.002"/>
  <system-out/>
  <testcase classname="Day2_Day3_Handson.TestNGPriority" name="testB" time="0.001"/>
  <system-out/>
</testsuite> <!-- Day2_Day3_Handson.TestNGPriority -->
