<?xml version="1.0" encoding="UTF-8"?>
<!-- Generated by org.testng.reporters.JUnitReportReporter -->
<testsuite hostname="LP-5CG1348QJH" failures="0" tests="3" name="Day2_Day3_Handson.ParallelTest" time="0.030" errors="0" timestamp="2025-02-05T17:37:28 IST" skipped="0">
  <testcase classname="Day2_Day3_Handson.ParallelTest" name="testA" time="0.010"/>
  <system-out/>
  <testcase classname="Day2_Day3_Handson.ParallelTest" name="testB" time="0.010"/>
  <system-out/>
  <testcase classname="Day2_Day3_Handson.ParallelTest" name="testC" time="0.010"/>
  <system-out/>
</testsuite> <!-- Day2_Day3_Handson.ParallelTest -->
