<?xml version="1.0" encoding="UTF-8"?>
<!-- Generated by org.testng.reporters.JUnitReportReporter -->
<testsuite hostname="LP-5CG1348QJH" failures="0" tests="1" name="day6_handson.Screenshot" time="12.355" errors="0" timestamp="2025-02-17T15:12:08 IST" skipped="0">
  <testcase classname="day6_handson.Screenshot" name="f" time="12.355"/>
  <system-out/>
</testsuite> <!-- day6_handson.Screenshot -->
