<?xml version="1.0" encoding="UTF-8"?>
<!-- Generated by org.testng.reporters.JUnitReportReporter -->
<testsuite hostname="LP-5CG1348QJH" failures="0" tests="1" name="day8_handson.AmazonRegisterExtentReport" time="20.267" errors="0" timestamp="2025-02-27T19:26:24 IST" skipped="0">
  <testcase classname="day8_handson.AmazonRegisterExtentReport" name="f" time="20.267"/>
  <system-out/>
</testsuite> <!-- day8_handson.AmazonRegisterExtentReport -->
